[    0.00000] Initializing cgroup subsys cpse
[    0.000000] Initializing grp subsys cpu
[   .00000] niiaizingcgou subsys cpucc
   0000000] inx vrson4.4.0-12-geric (buildd@lcy01-amd64-028) (gcc vrson5.4.0 2010609 (Ubnt 5.4.0-6ubuntu1~16.04.9) ) #148Ubntu SMP Wed May 2 130018 UC 01 (Ubunu 4.0-124.18-neric .411)
[   .00000] Command line: BOOTIMGE/bootvminz-4.4.0-124-gneic rootABL=cloudim-rotfs ro cnsol=ty1consletyS0
[   .00000]KEEL suppotedcpus:
[    0.00000]   ntl enneIntl[    0.0000]   MD AuenicAMD[   .0000]  Cetar enurHauls[   0.0000 x86/fpu:xstate_offet[2]:  576, xstate_sizes[2]:  256[   0.000] x86/fpu: SupportngSAVEeaure 0x0: 87 floatingpontregites'
[   0.00000] x6/f: upporin XAVE fetu 0x02:'SE reisrs'
   000000 x6/fp: uporting XVE fatre0x04:AV registers'
[   0.0000] 86/fpu:Enbld xstate fatres 0x7, contet iz is 832 yts,usin 'andard frmt.
[    0.000000] x86/fpu: Using 'lazy' FPU context switches.
[    0.000000] e820: BIOS-provided physical RAM map:
[    0.000000] BIOS-e820: [mem 0x0000000000000000-0x0000000009fbff] sabl
   0.000000] BOSe820: [em x0000000009c00-0x000000009ffff rserved
[   0.000000]BI-e82: me 0x00000000f0000-0x00000000000ffff] eserved
  0.00000]BIS-e820: [me 000000000000000x000000ffefffusable
[   .000000]BIOS-e820:[mem 00000003f000-0x000003fffffff AI data
[    0.000000] IO-e80:mem 0000000c0000-x0000000fec00fff] esrvd
[    0.000000] BIOS-e820: [mem 0x0000000ee00000-0x000000fe00ff] reservd[   .00000] IO-e820: [mem 0x0000000fff000-x000000fffffff] esrvd
[   .00000]  (Execute isabe)proteti: active
[   .000000]SMIO 2.5 preset.
[    000000] Hypervordetected:KV
[    00000] e80:ast_pfn = x3ff ma_ah_pfn = 0x000000
   000000]TRR: Dsaed
[   000000] x86/PT: MTRRs disabled, skipping PAT initialization too.
[    0.000000] CPU MTRRs all blank - virtualized system.
[    0.000000] x86/PAT: Configuration [0-7]: WB  WT  UC- C WB  W  UC-UC 
   000000foundSM M-table at [mem 0x0009fff0-0x000ffff mppd at [ff880000ff]
[    0.000000] Scanning 1areasfo lw memy orruption
[   000000] RAMDISK [em 36ac000-0x3754ff]
   0000000] ACPI: Early table checksum verification disabled
[   000000]ACI:RSDP 0x00000000E0000 000024 (02VBOX  )
    0.00000 API: XSDT0x0000003FF03 000 (v0 VX   VBOXST 00000ASL  00061)
  0.00000] PI: FAP 000000003FFF0F0 0004 (v0VBX   VOXCP 000000 AL  00000)
[  0000000] CPI: DDTx00000003FFF470 21F (v2 OX  VBXBOS 000000INTL 21028)
[   0.00000]AC: FAS 0000000FF02000004
[   000000] CP: ACS 0x000003FF000 00040
[    0.000000] ACPI: PIC 0x000000003FFF0240 00005C (v02 VBOX   VBOXAPIC 00000001 AL  00000061
[    .0000]ACPI SDT 0x0000003F020 001C(v01BO  VBXCUT000002 NT20100528
   0.000000] o UM conguation found
[   00000] Faking nde at [mm x000000000000-00000000fffff]
  0.0000] ODE_DTA) alocated [mem0x3feb000x3feffff][    0.000000] kvm-clock: Uinmsrs b54d1 and 4b564d00
[   0.000] kvmclck cpu 0, sr0:3ffe30, rimary cpu clock
[    0.000000] kvm-clock: using sched offset of 5111754932 cycles
[    0.000000] clocksource: kvm-clock: mask: 0xffffffffffffffff max_cycles: 0x1cd42e4dffb, max_idle_ns:88905913 n
[    0.000000] Zone anes:[   00000]  DM     [em0x000000000000x0000000fffff]
[    0.000000]   MA2    [mm x000000000000-0x00000000ffefff]
[    000000]   Normal   empty
[   000000] Deice  ept
[   0.000000] Movable zone start for each node
[    0.000] Early emoy odeanes
[  0.00000  ode   [mem 000000000010-0x00000009eff
[    0.00000]   node   0:[mm 0000000000000x0000003feff]
  0.00000] Inimem setup nde 0 [mem 0x000000000000-0000000fffff]
[    .00000] CP: M-Time IPort: 0x4008
    0.00000] OAIC0]apicid, versin 2, adress fe00000, GI 23
[    0.00000] ACPI: INT_SC_VR (bu 0bus_irq 0 glal_irq2 l dfl)
[  0.0000] CPI: INTSR_OVR (us bus_irq 9 gobal_irq 9 low level)
[    0.000000] Using ACPI (MAT) forSMPonfigraon ifomaion
[  0.000] smpbot:llowing2 PUs, hotplug CPUs
[    0.00000]M: Rgiteed nosveemory:[m 0x00000-0x000ff]
[    0.0000] M:Reisterd save mmo: [me0x009f000x009fff][    00000] M:Reistrenosave memory:[m 0x00000-0x000fff]
[    0.00000 P: Regiter nose emy:[mem0x0f0000-000fff]
[    0.00000]e820: [mem 0x40000000-0xfebffff] availalefo P devics[    00000] Bootngparairuaized erelon KM[    .000000] locksorc: efine-jffies: mask: 0xfffffff max_cycs:0xfffff,maidle_: 645519001568 
    0.0000] etup_prc: NR_PU:52 r_puaskbi:512 nr_cp_i:2 n_ne_id:1
[   000000] PERCPU: Embedded 34 pages/cpu @ffff88003fc00000 s99544 r8192 d31528 u1048576
[    0.000000] PV qspinlock hash table entries: 256 (order: 0, 4096 bytes)
[    0.000000] Built 1 zonelists in Node order, mobility grouping on.  Total pages: 257912
[    0.000000] Policy zone: DMA32
[    0.000000] Kernel commandlie: OO_IAGE=/bt/mlinuz-4.4.0124-genri root=ABEL=clouim-rotfs r cnsle=tty1 console=ttyS0
[    0.000000] PID hash table entries: 4096 (order: 3, 32768 bytes)
[    0.000] Memory: 1001636K/1048812K ailale(832K krnl ode, 133Krwdaa,996K rodata, 1508K init, 1316K bss, 46484K reserved, 0K cma-reserved)
[    0.000000] LU: HWalgn4, Order=0-3, MinObjects=, PUs=2, Nodes=1
[   .000000]Kenel/User pag tbls isolti: enabled
[    0.0000] Hierrcical RCUimpemntatin.
[    0.000000]	Bild-time adjustmentf eaf fanout to 64.
[    0.000000] 	RCU restricting CPUs from NR_CPS=2 to nr_cpu_is=2
    0000000 RU: Adjusting geometry for rcu_fanout_leaf=64, nr_cpu_ids=2
[    0.000000] NR_IRQS:33024 nr_is:40 16
[    0.000000] Console: colour VGA+ 80x25
[    0.000000] console [tty] nabled
[    0.00000] consoe ttyS0]enled
[    0.000000] tsc: Detected 1600.000 MHz processor
[   21.849156] Calibrating delay loop (skipped) preset value.. 3200.00 BogoMIPS (lpj=6400000)
[   21.881361] pid_max: default: 32768 minimum: 301
[   21.910101] ACPI: Core revision 20150930
[   21.915790] ACPI: 2ACPI AML tables successfully acquired and loaded
[   21.973495] Security Framework initialized
[   21.997215] Yama: becoming mindful.
[   22.015823] AppArmor: AppArmor initialized
[   22.045539] Dentry cache hash table entries: 131072 (order: 8, 1048576 bytes)
[   22.084719] Inode-cache hash table entries: 65536 (order: 7, 524288 bytes)
[   22.127417] Mount-cache hash table entries: 2048 (order: 2, 16384 bytes)
[   22.153259] Mountpoint-cache hash table entries: 2048 (order: 2, 16384 bytes)
[   22.187455] Initializing cgroup subsys io
[   22.206738] Initializing cgroup subsys memory
[   22.245017] Initializing cgroup subsys devices
[   22.302390] Initializing cgroup subsys freezer
[   22.357057] Initializing cgroup subsys net_cls
[   22.389658] Initializing cgroup subsys perf_event
[   22.437906] Initializing cgroup subsys net_prio
[   22.512911] Initializing cgroup subsys hugetlb
[   22.569777] Initializing cgroup subsys pids
[   22.628624] CPU: Physical Processor ID: 0
[   22.686645] CPU: Processor Core ID: 0
[   22.721143] FEATURE SPEC_CTRL Not Present
[   22.779887] mce: CPU supports 0 MCE banks
[   22.806200] Last level iTLB entries: 4KB 64, 2MB 8, 4MB 8
[   22.857595] Last level dTLB entries: 4KB 64, 2MB 0, 4MB 0, 1GB 4
[   22.933116] Spectre V2 mitigation: Mitigation: Full generic retpoline
[   23.017365] Spectre V2 mitigation: Speculation control IBPB not-supported IBRS not-supported
[   23.161448] Freeing SMP alternatives memory: 32K
[   23.220032] ftrace: allocating 32202 entries in 126 pages
[   23.362775] smpboot: APIC(0) Converting physical 0 to logical package 0
[   23.459216] smpboot: Max logical packages: 1
[   23.480879] x2apic enabled
[   23.526786] Switched APIC routing to physical x2apic.
[   23.596239] ..TIMER: vector=0x30 apic1=0 pin1=2 apic2=-1 pin2=-1
[   23.732937] smpboot: CPU0: Intel(R) Core(TM) i5-5250U CPU @ 1.60GHz (family: 0x6, model: 0x3d, stepping: 0x4)
[   23.859670] Performance Events: unsupported p6 CPU model 61 no PMU driver, software events only.
[   23.904023] KVM setup paravirtual spinlock
[   23.924016] x86: Booting SMP configuration:
[   23.946436] .... node  #0, CPUs:      #1
[   23.961143] kvm-clock: cpu 1, msr 0:3ffe3041, secondary cpu clock
[   24.006624] mce: CPU supports 0 MCE banks
[   24.022687] x86: Booted up 1 node, 2 CPUs
[   24.058494] smpboot: Total of 2 processors activated (6400.00 BogoMIPS)
[   24.068687] devtmpfs: initialized
[   24.091386] evm: security.selinux
[   24.104380] evm: security.SMACK64
[   24.108138] evm: security.SMACK64EXEC
[   24.117303] evm: security.SMACK64TRANSMUTE
[   24.136545] evm: security.SMACK64MMAP
[   24.170913] evm: security.ima
[   24.177165] evm: security.capability
[   24.187559] clocksource: jiffies: mask: 0xffffffff max_cycles: 0xffffffff, max_idle_ns: 7645041785100000 ns
[   24.222010] futex hash table entries: 512 (order: 3, 32768 bytes)
[   24.367606] pinctrl core: initialized pinctrl subsystem
[   24.471157] RTC time:  7:20:52, date: 05/16/18
[   24.514393] NET: Registered protocol family 16
[   24.541119] cpuidle: using governor ladder
[   24.609251] cpuidle: using governor menu
[   24.634838] PCCT header not found.
[   24.668362] ACPI: bus type PCI registered
[   24.680497] acpiphp: ACPI Hot Plug PCI Controller Driver version: 0.5
[   24.716857] PCI: Using configuration type 1 for base access
[   24.747393] ACPI: Added _OSI(Module Device)
[   24.771018] ACPI: Added _OSI(Processor Device)
[   24.787608] ACPI: Added _OSI(3.0 _SCP Extensions)
[   24.801965] ACPI: Added _OSI(Processor Aggregator Device)
[   24.819764] ACPI: Executed 1 blocks of module-level executable AML code
[   24.851629] ACPI: Interpreter enabled
[   24.934281] ACPI: (supports S0 S5)
[   24.982549] ACPI: Using IOAPIC for interrupt routing
[   25.022157] PCI: Using host bridge windows from ACPI; if necessary, use "pci=nocrs" and report a bug
[   25.086332] ACPI: PCI Root Bridge [PCI0] (domain 0000 [bus 00-ff])
[   25.117570] acpi PNP0A03:00: _OSC: OS supports [ASPM ClockPM Segments MSI]
[   25.176214] acpi PNP0A03:00: _OSC: not requesting OS control; OS requires [ExtendedConfig ASPM ClockPM MSI]
[   25.196675] acpi PNP0A03:00: fail to add MMCONFIG information, can't access extended PCI configuration space under this bridge.
[   25.235047] PCI host bridge to bus 0000:00
[   25.252403] pci_bus 0000:00: root bus resource [io  0x0000-0x0cf7 window]
[   25.277871] pci_bus 0000:00: root bus resource [io  0x0d00-0xffff window]
[   25.293150] pci_bus 0000:00: root bus resource [mem 0x000a0000-0x000bffff window]
[   25.302293] pci_bus 0000:00: root bus resource [mem 0x40000000-0xfdffffff window]
[   25.318972] pci_bus 0000:00: root bus resource [bus 00-ff]
[   25.344548] pci 0000:00:01.1: legacy IDE quirk: reg 0x10: [io  0x01f0-0x01f7]
[   25.361160] pci 0000:00:01.1: legacy IDE quirk: reg 0x14: [io  0x03f6]
[   25.377564] pci 0000:00:01.1: legacy IDE quirk: reg 0x18: [io  0x0170-0x0177]
[   25.463690] pci 0000:00:01.1: legacy IDE quirk: reg 0x1c: [io  0x0376]
[   25.526682] pci 0000:00:07.0: quirk: [io  0x4000-0x403f] claimed by PIIX4 ACPI
[   25.579612] pci 0000:00:07.0: quirk: [io  0x4100-0x410f] claimed by PIIX4 SMB
[   25.605848] ACPI: PCI Interrupt Link [LNKA] (IRQs 5 9 10 *11)
[   25.649900] ACPI: PCI Interrupt Link [LNKB] (IRQs 5 9 *10 11)
[   25.693407] ACPI: PCI Interrupt Link [LNKC] (IRQs 5 *9 10 11)
[   25.708777] ACPI: PCI Interrupt Link [LNKD] (IRQs 5 9 10 *11)
[   25.738775] ACPI: Enabled 2 GPEs in block 00 to 07
[   25.770546] vgaarb: setting as boot device: PCI:0000:00:02.0
[   25.819164] vgaarb: device added: PCI:0000:00:02.0,decodes=io+mem,owns=io+mem,locks=none
[   25.883080] vgaarb: loaded
[   25.912432] vgaarb: bridge control possible 0000:00:02.0
[   25.978901] SCSI subsystem initialized
[   26.014512] ACPI: bus type USB registered
[   26.034523] usbcore: registered new interface driver usbfs
[   26.059589] usbcore: registered new interface driver hub
[   26.089910] usbcore: registered new device driver usb
[   26.133914] PCI: Using ACPI for IRQ routing
[   26.175899] NetLabel: Initializing
[   26.204575] NetLabel:  domain hash size = 128
[   26.253593] NetLabel:  protocols = UNLABELED CIPSOv4
[   26.300884] NetLabel:  unlabeled traffic allowed by default
[   26.341510] amd_nb: Cannot enumerate AMD northbridges
[   26.369463] clocksource: Switched to clocksource kvm-clock
[   .391842]Aprm: pAmor Flesystem Enabled
[  269692]pn: PP PIini
   27.044466] pnp: PP PI found 3 devices

[   27.270306] clocksource: acpi_pm: mask: 0xffffff max_cycles: 0xffffff, max_idle_ns: 2085701024 ns
[   27.298833] NET: Registered protocol family 2
[   27.314329] TCP established hash table entries: 8192 (order: 4, 65536 bytes)
[   27.337069] TCP bind hash table entries: 8192 (order: 5, 131072 bytes)
[   27.343714] TCP: Hash tables configured (established 8192 bind 8192)
[   27.357696] UDP hash table entries: 512 (order: 2, 16384 bytes)
[   27.371733] UDP-Lite hash table entries: 512 (order: 2, 16384 bytes)
[   27.385721] NET: Registered protocol family 1
[   27.394485] pci 0000:00:00.0: Limiting direct PCI/PCI transfers
[   27.565571] pci 0000:00:01.0: Activating ISA DMA hang workarounds
[   27.611199] Unpacking initramfs...
[   30.487076] Freeing initrd memory: 10888K
[   30.516859] RAPL PMU detected, API unit is 2^-32 Joules, 4 fixed counters 10737418240 ms ovfl timer
[   30.623264] hw unit of domain pp0-core 2^-0 Joules
[   30.679537] hw unit of domain package 2^-0 Joules
[   30.723796] hw unit of domain dram 2^-0 Joules
[   30.780748] hw unit of domain pp1-gpu 2^-0 Joules
[   30.827713] platform rtc_cmos: registered platform RTC device (no PNP device found)
[   30.912862] Scanning for low memory corruption every 60 seconds
[   30.959454] audit: initializing netlink subsys (disabled)
[   31.030492] audit: type=2000 audit(1526455239.726:1): initialized
[   31.116118] Initialise system trusted keyring
[   31.174762] HugeTLB registered 2 MB page size, pre-allocated 0 pages
[   31.254081] zbud: loadd
[   31.346984]VFS Dskuos qut_.60   31.8075]VF: qut-ace hh abe etrs: 512 (order 0, 4096 bytes)
[  32.3019]ts: efnedTSC clocksource calibration: 1600.079 MHz

[   32.862112] clocksource: tsc: mask: 0xffffffffffffffff max_cycles: 0x17106fa6dad, max_idle_ns: 44079525893 ns

[   32.862594] squashfs: version 4.0 (2009/01/31) Phillip ougr
[   32.862985] fuse init (API version 7.23)
[   32.863188] Key type big_key registered
[   32.863214] Allocating IMA MOK and blacklist keyrings.
[   32.863587] Key type asymmetric registered
[   32.863591] Asymmetric key parser 'x509' registered
[   32.863659] Block layer SCSI generic (bsg) driver version 0.4 loaded (major 249)
[   32.863713] io scheduler noop registered
[   32.863717] io scheduler deadline registered (default)
[   32.863770] io scheduler cfq registered
[   32.863933] pci_hotplug: PCI Hot Plug PCI Core version: 0.5
[   32.863942] pciehp: PCI Express Hot Plug Controller Driver version: 0.4
[   32.864649] ACPI: AC Adapter [AC] (off-line)
[   32.865012] input: Power Button as /devices/LNXSYSTM:00/LNXPWRBN:00/input/input0
[   32.865017] ACPI: Power Button [PWRF]
[   32.865285] input: Sleep Button as /devices/LNXSYSTM:00/LNXSLPBN:00/input/input1
[   32.865290] ACPI: Sleep Button [SLPF]
[   32.865665] GHES: HEST is not enabled!
[   32.865843] Serial: 8250/16550 driver, 32 ports, IRQ sharing enabled
[   32.947186] 00:02: ttyS0 at I/O 0x3f8 (irq = 4, base_baud = 115200) is a 16550A
[   33.139195] Linux agpgart interface v0.103
[   33.234191] ACPI: Battery Slot [BAT0] (battery present)
[   33.239686] loop: module loaded
[   33.241060] scsi host0: ata_piix
[   33.241141] scsi host1: ata_piix
[   33.241181] ata1: PATA max UDMA/33 cmd 0x1f0 ctl 0x3f6 bmdma 0xd000 irq 14
[   33.241182] ata2: PATA max UDMA/33 cmd 0x170 ctl 0x376 bmdma 0xd008 irq 15
[   33.241293] libphy: Fixed MDIO Bus: probed
[   33.241297] tun: Universal TUN/TAP device driver, 1.6
[   33.241298] tun: (C) 1999-2004 Max Krasnyansky <maxk@qualcomm.com>
[   33.243639] PPP generic driver version 2.4.2
[   33.243881] ehci_hcd: USB 2.0 'Enhanced' Host Controller (EHCI) Driver
[   33.243890] ehci-pci: EHCI PCI platform driver
[   33.243963] ehci-platform: EHCI generic platform driver
[   33.243979] ohci_hcd: USB 1.1 'Open' Host Controller (OHCI) Driver
[   33.243992] ohci-pci: OHCI PCI platform driver
[   33.244010] ohci-platform: OHCI generic platform driver
[   33.244022] uhci_hcd: USB Universal Host Controller Interface driver
[   33.244561] i8042: PNP: PS/2 Controller [PNP0303:PS2K,PNP0f03:PS2M] at 0x60,0x64 irq 1,12
[   33.251632] serio: i8042 KBD port at 0x60,0x64 irq 1
[   33.251644] serio: i8042 AUX port at 0x60,0x64 irq 12
[   33.252313] mousedev: PS/2 mouse device common for all mice
[   33.252938] rtc_cmos rtc_cmos: rtc core: registered rtc_cmos as rtc0
[   33.253036] rtc_cmos rtc_cmos: alarms up to one day, 114 bytes nvram
[   33.253049] i2c /dev entries driver
[   33.253263] device-mapper: uevent: version 1.0.3
[   33.253374] device-mapper: ioctl: 4.34.0-ioctl (2015-10-28) initialised: dm-devel@redhat.com
[   33.253395] ledtrig-cpu: registered to indicate activity on CPUs
[   33.253946] NET: Registered protocol family 10
[   33.255125] NET: Registered protocol family 17
[   33.255140] Key type dns_resolver registered
[   33.255520] registered taskstats version 1
[   33.255542] Loading compiled-in X.509 certificates
[   33.256856] Loaded X.509 cert 'Build time autogenerated kernel key: 97a7db5071cab428e7f67f96f51ed8d32b3fc527'
[   33.256904] zswap: loaded using pool lzo/zbud
[   33.262188] Key type trusted registered
[   33.271802] Key type encrypted registered
[   33.271812] AppArmor: AppArmor sha1 policy hashing enabled
[   33.271816] ima: No TPM chip found, activating TPM-bypass!
[   33.271848] evm: HMAC attrs: 0x1
[   33.273026]   Magic number: 2:208:319
[   33.273050] tty tty44: hash matches
[   33.285884] rtc_cmos rtc_cmos: setting system clock to 2018-05-16 07:21:01 UTC (1526455261)
[   33.286229] BIOS EDD facility v0.16 2004-Jun-25, 0 devices found
[   33.286230] EDD information not available.
[   33.526771] input: AT Translated Set 2 keyboard as /devices/platform/i8042/serio0/input/input2
[   35.788638] Freeing unused kernel memory: 1508K
[   35.808175] Write protecting the kernel read-only data: 14336k
[   35.840692] Freeing unused kernel memory: 1696K
[   35.868550] Freeing unused kernel memory: 100K
Loading, please wait...
starting version[   35.992857] random: systemd-udevd: uninitialized urandom read (16 bytes read, 7 bits of entropy available)
 229
[   35.993841] random: udevadm: uninitialized urandom read (16 bytes read, 7 bits of entropy available)
[   35.993862] random: udevadm: uninitialized urandom read (16 bytes read, 7 bits of entropy available)
[   36.003604] random: udevadm: uninitialized urandom read (16 bytes read, 7 bits of entropy available)
[   36.003652] random: udevadm: uninitialized urandom read (16 bytes read, 7 bits of entropy available)
[   36.003795] random: udevadm: uninitialized urandom read (16 bytes read, 7 bits of entropy available)
[   36.003849] random: udevadm: uninitialized urandom read (16 bytes read, 7 bits of entropy available)
[   36.003902] random: udevadm: uninitialized urandom read (16 bytes read, 7 bits of entropy available)
[   36.003956] random: udevadm: uninitialized urandom read (16 bytes read, 7 bits of entropy available)
[   36.004007] random: udevadm: uninitialized urandom read (16 bytes read, 7 bits of entropy available)
[   36.591706] e1000: Intel(R) PRO/1000 Network Driver - version 7.3.21-k8-NAPI
[   36.670897] e1000: Copyright (c) 1999-2006 Intel Corporation.
[   36.729101] Fusion MPT base driver 3.04.20
[   36.739255] Copyright (c) 1999-2008 LSI Corporation
[   36.801327] Fusion MPT SPI Host driver 3.04.20
[   36.834417] AVX2 version of gcm_enc/dec engaged.
[   36.840164] AES CTR mode by8 optimization enabled
[   37.024639] input: ImExPS/2 Generic Explorer Mouse as /devices/platform/i8042/serio1/input/input4
[   37.333748] e1000 0000:00:03.0 eth0: (PCI:33MHz:32-bit) 02:ac:a2:c8:15:3b
[   37.367682] e1000 0000:00:03.0 eth0: Intel(R) PRO/1000 Network Connection
[   37.437175] mptbase: ioc0: Initiating bringup
[   37.485949] e1000 0000:00:03.0 enp0s3: renamed from eth0
[   37.570720] ioc0: LSI53C1030 A0: Capabilities={Initiator}
[   37.770536] scsi host2: ioc0: LSI53C1030 A0, FwRev=00000000h, Ports=1, MaxQ=256, IRQ=20
[   37.999552] scsi 2:0:0:0: Direct-Access     VBOX     HARDDISK         1.0  PQ: 0 ANSI: 5
[   38.096368] scsi target2:0:0: Beginning Domain Validation
[   38.160956] scsi target2:0:0: Domain Validation skipping write tests
[   38.190673] scsi target2:0:0: Ending Domain Validation
[   38.217619] scsi target2:0:0: asynchronous
[   38.233014] scsi 2:0:1:0: Direct-Access     VBOX     HARDDISK         1.0  PQ: 0 ANSI: 5
[   38.266158] scsi target2:0:1: Beginning Domain Validation
[   38.315877] scsi target2:0:1: Domain Validation skipping write tests
[   38.363858] scsi target2:0:1: Ending Domain Validation
[   38.388565] scsi target2:0:1: asynchronous
[   38.424594] sd 2:0:0:0: [sda] 20971520 512-byte logical blocks: (10.7 GB/10.0 GiB)
[   38.545883] sd 2:0:0:0: Attached scsi generic sg0 type 0
[   38.554923] sd 2:0:0:0: [sda] Write Protect is off
[   38.555113] sd 2:0:0:0: [sda] Incomplete mode parameter data
[   38.555115] sd 2:0:0:0: [sda] Assuming drive cache: write through
[   38.630632] sd 2:0:1:0: [sdb] 20480 512-byte logical blocks: (10.5 MB/10.0 MiB)
[   38.632048]  sda: sda1
[   38.650198] sd 2:0:1:0: Attached scsi generic sg1 type 0
[   38.651017] sd 2:0:0:0: [sda] Attached SCSI disk
[   38.676282] sd 2:0:1:0: [sdb] Write Protect is off
[   38.698036] sd 2:0:1:0: [sdb] Incomplete mode parameter data
[   38.707217] sd 2:0:1:0: [sdb] Assuming drive cache: write through
[   38.739874] sd 2:0:1:0: [sdb] Attached SCSI disk
Begin: Loading e[   40.489430] md: linear personality registered for level -1
ssential drivers[   40.558727] md: multipath personality registered for level -4
 ... [   40.605703] md: raid0 personality registered for level 0
[   40.647203] md: raid1 personality registered for level 1
[   40.753752] raid6: sse2x1   gen()  5807 MB/s
[   40.829534] raid6: sse2x1   xor()  3233 MB/s
[   40.912534] raid6: sse2x2   gen()  8070 MB/s
[   40.985936] raid6: sse2x2   xor()  5211 MB/s
[   41.077597] raid6: sse2x4   gen()  7211 MB/s
[   41.173910] raid6: sse2x4   xor()  5271 MB/s
[   41.253499] raid6: avx2x1   gen() 11733 MB/s
[   41.346221] raid6: avx2x2   gen()  9002 MB/s
[   41.429799] raid6: avx2x4   gen()  4484 MB/s
[   41.453907] raid6: using algorithm avx2x1 gen() 11733 MB/s
[   41.477535] raid6: using avx2x2 recovery algorithm
[   41.499797] xor: automatically using best checksumming function:
[   41.629725]    avx       :  9989.000 MB/sec
[   41.707887] async_tx: api initialized (async)
[   41.776320] md: raid6 personality registered for level 6
[   41.808356] md: raid5 personality registered for level 5
[   41.837873] md: raid4 personality registered for level 4
[   41.889015] md: raid10 personality registered for level 10
done.
Begin: Running /scripts/init-premount ... done.
Begin: Mounting root file system ... Begin: Running /scripts/local-top ... done.
Begin: Running /scripts/loca[   41.997764] Btrfs loaded
l-premount ... Scanning for Btrfs filesystems
done.
Warning: fsck not present, so sk[   42.098092] EXT4-fs (sda1): INFO: recovery required on readonly filesystem
ipping root file[   42.185190] EXT4-fs (sda1): write access will be enabled during recovery
 system
[   42.345106] EXT4-fs (sda1): recovery complete
[   43.242730] EXT4-fs (sda1): mounted filesystem with ordered data mode. Opts: (null)
done.
Begin: Running /scripts/local-bottom ... done.
Begin: Running /scripts/init-bottom ... done.
[   45.087034] systemd[1]: systemd 229 running in system mode. (+PAM +AUDIT +SELINUX +IMA +APPARMOR +SMACK +SYSVINIT +UTMP +LIBCRYPTSETUP +GCRYPT +GNUTLS +ACL +XZ -LZ4 +SECCOMP +BLKID +ELFUTILS +KMOD -IDN)
[   45.204700] systemd[1]: Detected virtualization oracle.
[   45.222760] systemd[1]: Detected architecture x86-64.

Welcome to [1mUbuntu 16.04.4 LTS[0m!

[   45.268577] systemd[1]: Set hostname to <ubuntu-xenial>.
[   45.364052] random: nonblocking pool is initialized
[   45.858975] systemd[1]: Listening on LVM2 poll daemon socket.
[[0;32m  OK  [0m] Listening on LVM2 poll daemon socket.
[   45.951527] systemd[1]: Listening on Journal Audit Socket.
[[0;32m  OK  [0m] Listening on Journal Audit Socket.
[   46.050689] systemd[1]: Set up automount Arbitrary Executable File Formats File System Automount Point.
[[0;32m  OK  [0m] Set up automount Arbitrary Executab...ats File System Automount Point.
[   46.198659] systemd[1]: Listening on /dev/initctl Compatibility Named Pipe.
[[0;32m  OK  [0m] Listening on /dev/initctl Compatibility Named Pipe.
[   46.310415] systemd[1]: Started Trigger resolvconf update for networkd DNS.
[[0;32m  OK  [0m] Started Trigger resolvconf update for networkd DNS.
[   46.394183] systemd[1]: Reached target System Time Synchronized.
[[0;32m  OK  [0m] Reached target System Time Synchronized.
[   46.458823] systemd[1]: Reached target Encrypted Volumes.
[[0;32m  OK  [0m] Reached target Encrypted Volumes.
[   46.562874] systemd[1]: Reached target User and Group Name Lookups.
[[0;32m  OK  [0m] Reached target User and Group Name Lookups.
[   46.667222] systemd[1]: Created slice User and Session Slice.
[[0;32m  OK  [0m] Created slice User and Session Slice.
[   46.710113] systemd[1]: Reached target Swap.
[[0;32m  OK  [0m] Reached target Swap.
[   46.746052] systemd[1]: Listening on Journal Socket.
[[0;32m  OK  [0m] Listening on Journal Socket.
[   46.822728] systemd[1]: Created slice System Slice.
[[0;32m  OK  [0m] Created slice System Slice.
[   46.890205] systemd[1]: Starting Create list of required static device nodes for the current kernel...
         Starting Create list of required st... nodes for the current kernel...
[   47.062384] systemd[1]: Mounting Huge Pages File System...
         Mounting Huge Pages File System...
[   47.111872] systemd[1]: Created slice system-serial\x2dgetty.slice.
[[0;32m  OK  [0m] Created slice system-serial\x2dgetty.slice.
[   47.198533] systemd[1]: Starting Set console keymap...
         Starting Set console keymap...
[   47.281840] systemd[1]: Mounting POSIX Message Queue File System...
         Mounting POSIX Message Queue File System...
[   47.378103] systemd[1]: Mounting Debug File System...
         Mounting Debug File System...
[   47.498284] systemd[1]: Starting Remount Root and Kernel File Systems...
[   47.505067] EXT4-fs (sda1): re-mounted. Opts: (null)
         Starting Remount Root and Kernel File Systems...
[   47.586367] systemd[1]: Starting Nameserver information manager...
         Starting Nameserver information manager...
[   47.622526] systemd[1]: Reached target Slices.
[[0;32m  OK  [0m] Reached target Slices.
[   47.662671] systemd[1]: Listening on LVM2 metadata daemon socket.
[[0;32m  OK  [0m] Listening on LVM2 metadata daemon socket.
[   47.730705] systemd[1]: Listening on Journal Socket (/dev/log).
[[0;32m  OK  [0m] Listening on Journal Socket (/dev/log).
[   47.811196] systemd[1]: Listening on udev Kernel Socket.
[[0;32m  OK  [0m] Listening on udev Kernel Socket.
[   47.890672] systemd[1]: Starting Load Kernel Modules...
[   47.9656]oainiSSItrspt las .087
         Startin[   48.518942] iscsi: registered transport (tcp)
g Load Kernel Modules...
[   48.601957] systemd[1]: Listening on Syslog Socket.
[[0;32m  OK  [0m] Listening on[   48.649119] iscsi: registered transport (iser)
 Syslog Socket.
[   48.782239] systemd[1]: Starting Journal Service...
         Starting Journal Service...
[   48.938540] systemd[1]: Listening on Device-mapper event daemon FIFOs.
[[0;32m  OK  [0m] Listening on Device-mapper event daemon FIFOs.
[   49.070042] systemd[1]: Starting Monitoring of LVM2 mirrors, snapshots etc. using dmeventd or progress polling...
         Starting Monitoring of LVM2 mirrors... dmeventd or progress polling...
[   49.176598] systemd[1]: Started Forward Password Requests to Wall Directory Watch.
[[0;32m  OK  [0m] Started Forward Password Requests to Wall Directory Watch.
[   49.234980] systemd[1]: Listening on udev Control Socket.
[[0;32m  OK  [0m] Listening on udev Control Socket.
[   49.281974] systemd[1]: Starting Uncomplicated firewall...
         Starting Uncomplicated firewall...
[   49.371430] systemd[1]: Mounted Huge Pages File System.
[[0;32m  OK  [0m] Mounted Huge Pages File System.
[   49.412020] systemd[1]: Mounted Debug File System.
[[0;32m  OK  [0m] Mounted Debug File System.
[   49.445051] systemd[1]: Mounted POSIX Message Queue File System.
[[0;32m  OK  [0m] Mounted POSIX Message Queue File System.
[   49.518357] systemd[1]: Started Journal Service.
[[0;32m  OK  [0m] Started Journal Service.
[[0;32m  OK  [0m] Started Create list of required sta...ce nodes for the current kernel.
[[0;32m  OK  [0m] Started Set console keymap.
[[0;32m  OK  [0m] Started Remount Root and Kernel File Systems.
[[0;32m  OK  [0m] Started Load Kernel Modules.
[[0;32m  OK  [0m] Started Uncomplicated firewall.
[[0;32m  OK  [0m] Started Nameserver information manager.
[[0;32m  OK  [0m] Started LVM2 metadata daemon.
         Mounting FUSE Control File System...
         Starting Apply Kernel Variables...
         Starting Initial cloud-init job (pre-networking)...
         Starting Load/Save Random Seed...
         Starting udev Coldplug all Devices...
         Starting Create Static Device Nodes in /dev...
         Starting Flush Journal to Persistent Storage...
[[0;32m  OK  [0m] Mounted FUSE Control File System.
[[0;32m  OK  [0m] Started Apply Kernel Variables.
[[0;32m  OK  [0m] Started Load/Save Random Seed.
[[0;32m  OK  [0m] Started Create Static Device Nodes in /dev.
[[0;32m  OK  [0m] Started udev Coldplug all Devices.
[[0;32m  OK  [0m] Started Flush Journal to Persistent Storage.
         Starting udev Kernel Device Manager...
[[0;32m  OK  [0m] Started Monitoring of LVM2 mirrors,...ng dmeventd or progress polling.
[[0;32m  OK  [0m] Started udev Kernel Device Manager.
[[0;32m  OK  [0m] Reached target Local File Systems (Pre).
[[0;32m  OK  [0m] Reached target Local File Systems.
         Starting LSB: AppArmor initialization...
         Starting Set console font and keymap...
         Starting Create Volatile Files and Directories...
         Starting Tell Plymouth To Write Out Runtime Data...
[[0;32m  OK  [0m] Started Dispatch Password Requests to Console Directory Watch.
[[0;32m  OK  [0m] Started Create Volatile Files and Directories.
[[0;32m  OK  [0m] Started Tell Plymouth To Write Out Runtime Data.
[[0;32m  OK  [0m] Found device /dev/ttyS0.
         Starting Update UTMP about System Boot/Shutdown...
[[0;32m  OK  [0m] Started LSB: AppArmor initialization.
[[0;32m  OK  [0m] Started Update UTMP about System Boot/Shutdown.
[[0;32m  OK  [0m] Found device 82540EM Gigabit Ethern...r (PRO/1000 MT Desktop Adapter).
[[0;32m  OK  [0m] Listening on Load/Save RF Kill Switch Status /dev/rfkill Watch.
[[0;32m  OK  [0m] Started Set console font and keymap.
[[0;32m  OK  [0m] Created slice system-getty.slice.
[   27.191088] cloud-init[444]: Cloud-init v. 18.2 running 'init-local' at Wed, 16 May 2018 07:21:20 +0000. Up 26.60 seconds.
[[0;32m  OK  [0m] Started Initial cloud-init job (pre-networking).
[[0;32m  OK  [0m] Reached target Network (Pre).
[[0;32m  OK  [0m] Started ifup for enp0s3.
         Starting Raise network interfaces...
[[0;32m  OK  [0m] Started Raise network interfaces.
[[0;32m  OK  [0m] Reached target Network.
         Starting Initial cloud-init job (metadata service crawler)...
[   28.676978] cloud-init[951]: Cloud-init v. 18.2 running 'init' at Wed, 16 May 2018 07:21:21 +0000. Up 28.12 seconds.
[   28.732753] cloud-init[951]: ci-info: +++++++++++++++++++++++++++++++++++++Net device info++++++++++++++++++++++++++++++++++++++
[[0;32m  OK  [0m] Started Initial cloud-init job (metadata service crawler).
[   28.808582] cloud-init[951]: ci-info: +--------+------+----------------------------+---------------+-------+-------------------+
[   28.956447] cloud-init[951]: ci-info: | Device |  Up  |          Address           |      Mask     | Scope |     Hw-Address    |
[   29.035056] cloud-init[951]: ci-info: +--------+------+----------------------------+---------------+-------+-------------------+
[[0;32m  OK  [0m] Reached target Cloud-config availability.
[   29.136529] [[0;32m  OK  [0m] Reached target Network is Online.
cloud-init[951]: ci-info: | enp0s3 | True |         10.0.2.15          | 255.255.255.0 |   .   | 02:ac:a2:c8:15:3b |
[   29.221647] cloud-init[951]: ci-info: | enp0s3 | True | fe80::ac:a2ff:fec8:153b/64 |       .       |  link | 02:ac:a2:c8:15:3b |
         Starting iSCSI initiator daemon (iscsid)...
[   29.222770] cloud-init[951]: ci-info: |   lo   | True |         127.0.0.1          |   255.0.0.0   |   .   |         .         |
[   29.357025] cloud-init[951]: ci-info: |   lo   | True |          ::1/128           |       .       |  host |         .         |
[   29.357822] [cloud-init[0;32m  OK  [0m[951]: ] ci-info: +--------+------+----------------------------+---------------+-------+-------------------+Reached target System Initialization.

[   29.358403] cloud-init[951]: ci-info: +++++++++++++++++++++++++++Route IPv4 info++++++++++++++++++++++++++++
[[   29.724413] cloud-init[951]: ci-info: +-------+-------------+----------+---------------+-----------+-------+
[0;32m  OK  [0m] Started ACPI Events Check.
[   29.725352] cloud-init[951]: ci-info: | Route | Destination | Gateway  |    Genmask    | Interface | Flags |
[   29.928596] cloud-init[951]: ci-info: +-------+-------------+----------+---------------+-----------+-------+
[   29.929398] cloud-init[951]: ci-info: |   0   |   0.0.0.0   | 10.0.2.2 |    0.0.0.0    |   enp0s3  |   UG  |
[[0;32m  OK  [0m] Reached target Paths.
[   29.929873] cloud-init[951]: ci-info: |   1   |   10.0.2.0  | 0.0.0.0  | 255.255.255.0 |   enp0s3  |   U   |
[   30.276234] cloud-init[951]: ci-info: +-------+-------------+----------+---------------+-----------+-------+
[[0;32m  OK  [0m] Started Daily apt download activities.
         Starting Socket activation for snappy daemon.
[[0;32m  OK  [0m] Started Daily apt upgrade and clean activities.
[[0;32m  OK  [0m] Started Daily Cleanup of Temporary Directories.
[[0;32m  OK  [0m] Reached target Timers.
[[0;32m  OK  [0m] Listening on ACPID Listen Socket.
[[0;32m  OK  [0m] Listening on D-Bus System Message Bus Socket.
[[0;32m  OK  [0m] Listening on UUID daemon activation socket.
         Starting LXD - unix socket.
[[0;32m  OK  [0m] Listening on Socket activation for snappy daemon.
[[0;32m  OK  [0m] Listening on LXD - unix socket.
[[0;32m  OK  [0m] Started iSCSI initiator daemon (iscsid).
         Starting Login to default iSCSI targets...
[[0;32m  OK  [0m] Reached target Sockets.
[[0;32m  OK  [0m] Reached target Basic System.
[[0;32m  OK  [0m] Started Regular background program processing daemon.
         Starting LSB: MD monitoring daemon...
[[0;32m  OK  [0m] Started D-Bus System Message Bus.
         Starting Virtualbox guest utils...
[[0;32m  OK  [0m] Started ACPI event daemon.
         Starting Accounts Service...
         Starting Apply the settings specified in cloud-config...
         Starting LXD - container startup/shutdown...
         Starting LSB: Record successful boot for GRUB...
[[0;32m  OK  [0m] Started Deferred execution scheduler.
         Starting /etc/rc.local Compatibility...
[[0;32m  OK  [0m] Started FUSE filesystem for LXC.
         Starting OpenBSD Secure Shell server...
[[0;32m  OK  [0m] Started Unattended Upgrades Shutdown.
         Starting System Logging Service...
         Starting Login Service...
         Starting Snappy daemon...
[[0;32m  OK  [0m] Started System Logging Service.
[[0;32m  OK  [0m] Started OpenBSD Secure Shell server.
[[0;32m  OK  [0m] Started LXD - container startup/shutdown.
[[0;32m  OK  [0m] Started /etc/rc.local Compatibility.
[[0;32m  OK  [0m] Started Login to default iSCSI targets.
[[0;32m  OK  [0m] Started LSB: MD monitoring daemon.
[[0;32m  OK  [0m] Started Snappy daemon.
[[0;32m  OK  [0m] Started LSB: Record successful boot for GRUB.
         Starting Authenticate and Authorize Users to Run Privileged Tasks...
[[0;32m  OK  [0m] Reached target Remote File Systems (Pre).
[[0;32m  OK  [0m] Reached target Remote File Systems.
         Starting Permit User Sessions...
         Starting LSB: automatic crash report generation...
         Starting LSB: daemon to balance interrupts for SMP systems...
         Starting LSB: Set the CPU Frequency Scaling governor to "ondemand"...
[[0;32m  OK  [0m] Started Virtualbox guest utils.
[[0;32m  OK  [0m] Started Permit User Sessions.
[[0;32m  OK  [0m] Started Login Service.
[[0;32m  OK  [0m] Started Authenticate and Authorize Users to Run Privileged Tasks.
[[0;32m  OK  [0m] Started Accounts Service.
[[0;32m  OK  [0m] Created slice User Slice of vagrant.
[[0;32m  OK  [0m] Started Session 1 of user vagrant.
         Starting User Manager for UID 1000...
         Starting Hold until boot process finishes up...
         Starting Terminate Plymouth Boot Screen...
[[0;32m  OK  [0m] Started User Manager for UID 1000.
[[0;32m  OK  [0m] Started LSB: automatic crash report generation.
[[   33.153854] cloud-init[1027]: Cloud-init v. 18.2 running 'modules:config' at Wed, 16 May 2018 07:21:26 +0000. Up 32.86 seconds.
[0;32m  OK  [0m] Started LSB: daemon to balance interrupts for SMP systems.
[[0;32m  OK  [0m] Started Apply the settings specified in cloud-config.
[[0;32m  OK  [0m] Started LSB: Set the CPU Frequency Scaling governor to "ondemand".
[[0;32m  OK  [0m] Started Hold until boot process finishes up.
[[0;32m  OK  [0m] Started Terminate Plymouth Boot Screen.
         Starting Set console scheme...
[[0;32m  OK  [0m] Started Serial Getty on ttyS0.
[[0;32m  OK  [0m] Started Getty on tty1.
[[0;32m  OK  [0m] Reached target Login Prompts.
[[0;32m  OK  [0m] Reached target Multi-User System.
         Starting Execute cloud user/final scripts...
[[0;32m  OK  [0m] Reached target Graphical Interface.
         Starting Update UTMP about System Runlevel Changes...
[[0;32m  OK  [0m] Started Set console scheme.
[[0;32m  OK  [0m] Started Update UTMP about System Runlevel Changes.
[   34.599478] cloud-init[1194]: Cloud-init v. 18.2 running 'modules:final' at Wed, 16 May 2018 07:21:28 +0000. Up 34.16 seconds.
[   34.733394] cloud-init[1194]: Cloud-init v. 18.2 finished at Wed, 16 May 2018 07:21:28 +0000. Datasource DataSourceNoCloud [seed=/dev/sdb][dsmode=net].  Up 34.51 seconds
[[0;32m  OK  [0m] Started Execute cloud user/final scripts.
[[0;32m  OK  [0m] Reached target Cloud-init target.

Ubuntu 16.04.4 LTS ubuntu-xenial ttyS0

ubuntu-xenial login: 